0 verbose cli /Users/rajvardhansingh/.nvm/versions/node/v22.12.0/bin/node /Users/rajvardhansingh/.nvm/versions/node/v22.12.0/lib/node_modules/npm/bin/npm-cli.js
1 info using npm@10.9.0
2 info using node@v22.12.0
3 silly config load:file:/Users/rajvardhansingh/.nvm/versions/node/v22.12.0/lib/node_modules/npm/npmrc
4 silly config load:file:/Users/rajvardhansingh/Documents/typeform-clone-final/.npmrc
5 silly config load:file:/Users/rajvardhansingh/.npmrc
6 silly config load:file:/Users/rajvardhansingh/.nvm/versions/node/v22.12.0/etc/npmrc
7 verbose title npm exec dotenv -e .env.local -- npx prisma migrate status
8 verbose argv "exec" "--" "dotenv" "-e" ".env.local" "--" "npx" "prisma" "migrate" "status"
9 verbose logfile logs-max:10 dir:/Users/rajvardhansingh/Documents/typeform-clone-final/.cache/npm/_logs/2026-02-07T13_06_27_795Z-
10 verbose logfile /Users/rajvardhansingh/Documents/typeform-clone-final/.cache/npm/_logs/2026-02-07T13_06_27_795Z-debug-0.log
11 silly logfile start cleaning logs, removing 1 files
12 silly logfile done cleaning log files
13 silly packumentCache heap:2197815296 maxSize:549453824 maxEntrySize:274726912
14 verbose shrinkwrap failed to load node_modules/.package-lock.json out of date, updated: node_modules
15 http fetch GET 200 https://registry.npmjs.org/dotenv 505ms (cache miss)
16 verbose stack Error: could not determine executable to run
16 verbose stack     at getBinFromManifest (/Users/rajvardhansingh/.nvm/versions/node/v22.12.0/lib/node_modules/npm/node_modules/libnpmexec/lib/get-bin-from-manifest.js:17:23)
16 verbose stack     at exec (/Users/rajvardhansingh/.nvm/versions/node/v22.12.0/lib/node_modules/npm/node_modules/libnpmexec/lib/index.js:202:15)
16 verbose stack     at async Npm.exec (/Users/rajvardhansingh/.nvm/versions/node/v22.12.0/lib/node_modules/npm/lib/npm.js:207:9)
16 verbose stack     at async module.exports (/Users/rajvardhansingh/.nvm/versions/node/v22.12.0/lib/node_modules/npm/lib/cli/entry.js:74:5)
17 verbose pkgid dotenv@17.2.4
18 error could not determine executable to run
19 verbose cwd /Users/rajvardhansingh/Documents/typeform-clone-final
20 verbose os Darwin 24.6.0
21 verbose node v22.12.0
22 verbose npm  v10.9.0
23 verbose exit 1
24 verbose code 1
25 error A complete log of this run can be found in: /Users/rajvardhansingh/Documents/typeform-clone-final/.cache/npm/_logs/2026-02-07T13_06_27_795Z-debug-0.log
